<?xml version="1.0" encoding="UTF-8"?>
<testsuite name="dev.hwi.SpringBootWebsocketApplicationTests" tests="1" skipped="0" failures="0" errors="0" timestamp="2019-01-08T05:42:32" hostname="DESKTOP-ERDAU0L" time="0.301">
  <properties/>
  <testcase name="contextLoads" classname="dev.hwi.SpringBootWebsocketApplicationTests" time="0.301"/>
  <system-out><![CDATA[14:42:28.975 [Test worker] DEBUG org.springframework.test.context.junit4.SpringJUnit4ClassRunner - SpringJUnit4ClassRunner constructor called with [class dev.hwi.SpringBootWebsocketApplicationTests]
14:42:28.991 [Test worker] DEBUG org.springframework.test.context.BootstrapUtils - Instantiating CacheAwareContextLoaderDelegate from class [org.springframework.test.context.cache.DefaultCacheAwareContextLoaderDelegate]
14:42:28.991 [Test worker] DEBUG org.springframework.test.context.BootstrapUtils - Instantiating BootstrapContext using constructor [public org.springframework.test.context.support.DefaultBootstrapContext(java.lang.Class,org.springframework.test.context.CacheAwareContextLoaderDelegate)]
14:42:29.022 [Test worker] DEBUG org.springframework.test.context.BootstrapUtils - Instantiating TestContextBootstrapper for test class [dev.hwi.SpringBootWebsocketApplicationTests] from class [org.springframework.boot.test.context.SpringBootTestContextBootstrapper]
14:42:29.038 [Test worker] INFO org.springframework.boot.test.context.SpringBootTestContextBootstrapper - Neither @ContextConfiguration nor @ContextHierarchy found for test class [dev.hwi.SpringBootWebsocketApplicationTests], using SpringBootContextLoader
14:42:29.038 [Test worker] DEBUG org.springframework.test.context.support.AbstractContextLoader - Did not detect default resource location for test class [dev.hwi.SpringBootWebsocketApplicationTests]: class path resource [dev/hwi/SpringBootWebsocketApplicationTests-context.xml] does not exist
14:42:29.038 [Test worker] DEBUG org.springframework.test.context.support.AbstractContextLoader - Did not detect default resource location for test class [dev.hwi.SpringBootWebsocketApplicationTests]: class path resource [dev/hwi/SpringBootWebsocketApplicationTestsContext.groovy] does not exist
14:42:29.038 [Test worker] INFO org.springframework.test.context.support.AbstractContextLoader - Could not detect default resource locations for test class [dev.hwi.SpringBootWebsocketApplicationTests]: no resource found for suffixes {-context.xml, Context.groovy}.
14:42:29.038 [Test worker] INFO org.springframework.test.context.support.AnnotationConfigContextLoaderUtils - Could not detect default configuration classes for test class [dev.hwi.SpringBootWebsocketApplicationTests]: SpringBootWebsocketApplicationTests does not declare any static, non-private, non-final, nested classes annotated with @Configuration.
14:42:29.084 [Test worker] DEBUG org.springframework.test.context.support.ActiveProfilesUtils - Could not find an 'annotation declaring class' for annotation type [org.springframework.test.context.ActiveProfiles] and class [dev.hwi.SpringBootWebsocketApplicationTests]
14:42:29.131 [Test worker] DEBUG org.springframework.context.annotation.ClassPathScanningCandidateComponentProvider - Identified candidate component class: file [D:\sts-bundle\workspace\spring-boot-websocket\build\classes\java\main\dev\hwi\SpringBootWebsocketApplication.class]
14:42:29.147 [Test worker] INFO org.springframework.boot.test.context.SpringBootTestContextBootstrapper - Found @SpringBootConfiguration dev.hwi.SpringBootWebsocketApplication for test class dev.hwi.SpringBootWebsocketApplicationTests
14:42:29.241 [Test worker] DEBUG org.springframework.boot.test.context.SpringBootTestContextBootstrapper - @TestExecutionListeners is not present for class [dev.hwi.SpringBootWebsocketApplicationTests]: using defaults.
14:42:29.241 [Test worker] INFO org.springframework.boot.test.context.SpringBootTestContextBootstrapper - Loaded default TestExecutionListener class names from location [META-INF/spring.factories]: [org.springframework.boot.test.autoconfigure.restdocs.RestDocsTestExecutionListener, org.springframework.boot.test.autoconfigure.web.client.MockRestServiceServerResetTestExecutionListener, org.springframework.boot.test.autoconfigure.web.servlet.MockMvcPrintOnlyOnFailureTestExecutionListener, org.springframework.boot.test.autoconfigure.web.servlet.WebDriverTestExecutionListener, org.springframework.boot.test.mock.mockito.MockitoTestExecutionListener, org.springframework.boot.test.mock.mockito.ResetMocksTestExecutionListener, org.springframework.test.context.web.ServletTestExecutionListener, org.springframework.test.context.support.DirtiesContextBeforeModesTestExecutionListener, org.springframework.test.context.support.DependencyInjectionTestExecutionListener, org.springframework.test.context.support.DirtiesContextTestExecutionListener, org.springframework.test.context.transaction.TransactionalTestExecutionListener, org.springframework.test.context.jdbc.SqlScriptsTestExecutionListener]
14:42:29.256 [Test worker] DEBUG org.springframework.boot.test.context.SpringBootTestContextBootstrapper - Skipping candidate TestExecutionListener [org.springframework.test.context.transaction.TransactionalTestExecutionListener] due to a missing dependency. Specify custom listener classes or make the default listener classes and their required dependencies available. Offending class: [org/springframework/transaction/interceptor/TransactionAttributeSource]
14:42:29.256 [Test worker] DEBUG org.springframework.boot.test.context.SpringBootTestContextBootstrapper - Skipping candidate TestExecutionListener [org.springframework.test.context.jdbc.SqlScriptsTestExecutionListener] due to a missing dependency. Specify custom listener classes or make the default listener classes and their required dependencies available. Offending class: [org/springframework/transaction/interceptor/TransactionAttribute]
14:42:29.256 [Test worker] INFO org.springframework.boot.test.context.SpringBootTestContextBootstrapper - Using TestExecutionListeners: [org.springframework.test.context.web.ServletTestExecutionListener@15826346, org.springframework.test.context.support.DirtiesContextBeforeModesTestExecutionListener@76d0718, org.springframework.boot.test.mock.mockito.MockitoTestExecutionListener@7cb214e2, org.springframework.boot.test.autoconfigure.SpringBootDependencyInjectionTestExecutionListener@77e73106, org.springframework.test.context.support.DirtiesContextTestExecutionListener@7179f4ef, org.springframework.boot.test.autoconfigure.restdocs.RestDocsTestExecutionListener@1ec3681f, org.springframework.boot.test.autoconfigure.web.client.MockRestServiceServerResetTestExecutionListener@723a6a21, org.springframework.boot.test.autoconfigure.web.servlet.MockMvcPrintOnlyOnFailureTestExecutionListener@3c1b0a61, org.springframework.boot.test.autoconfigure.web.servlet.WebDriverTestExecutionListener@27b5f81, org.springframework.boot.test.mock.mockito.ResetMocksTestExecutionListener@77d5c41]
14:42:29.256 [Test worker] DEBUG org.springframework.test.annotation.ProfileValueUtils - Retrieved @ProfileValueSourceConfiguration [null] for test class [dev.hwi.SpringBootWebsocketApplicationTests]
14:42:29.256 [Test worker] DEBUG org.springframework.test.annotation.ProfileValueUtils - Retrieved ProfileValueSource type [class org.springframework.test.annotation.SystemProfileValueSource] for class [dev.hwi.SpringBootWebsocketApplicationTests]
14:42:29.256 [Test worker] DEBUG org.springframework.test.annotation.ProfileValueUtils - Retrieved @ProfileValueSourceConfiguration [null] for test class [dev.hwi.SpringBootWebsocketApplicationTests]
14:42:29.256 [Test worker] DEBUG org.springframework.test.annotation.ProfileValueUtils - Retrieved ProfileValueSource type [class org.springframework.test.annotation.SystemProfileValueSource] for class [dev.hwi.SpringBootWebsocketApplicationTests]
14:42:29.256 [Test worker] DEBUG org.springframework.test.context.support.AbstractDirtiesContextTestExecutionListener - Before test class: context [DefaultTestContext@2d4503b2 testClass = SpringBootWebsocketApplicationTests, testInstance = [null], testMethod = [null], testException = [null], mergedContextConfiguration = [WebMergedContextConfiguration@3981fc33 testClass = SpringBootWebsocketApplicationTests, locations = '{}', classes = '{class dev.hwi.SpringBootWebsocketApplication}', contextInitializerClasses = '[]', activeProfiles = '{}', propertySourceLocations = '{}', propertySourceProperties = '{org.springframework.boot.test.context.SpringBootTestContextBootstrapper=true}', contextCustomizers = set[org.springframework.boot.test.autoconfigure.properties.PropertyMappingContextCustomizer@0, org.springframework.boot.test.autoconfigure.web.servlet.WebDriverContextCustomizerFactory$Customizer@6f496dd5, org.springframework.boot.test.context.filter.ExcludeFilterContextCustomizer@db932b3, org.springframework.boot.test.json.DuplicateJsonObjectContextCustomizerFactory$DuplicateJsonObjectContextCustomizer@761f26d1, org.springframework.boot.test.mock.mockito.MockitoContextCustomizer@0, org.springframework.boot.test.web.client.TestRestTemplateContextCustomizer@4a20d4e], resourceBasePath = 'src/main/webapp', contextLoader = 'org.springframework.boot.test.context.SpringBootContextLoader', parent = [null]], attributes = map['org.springframework.test.context.web.ServletTestExecutionListener.activateListener' -> true]], class annotated with @DirtiesContext [false] with mode [null].
14:42:29.256 [Test worker] DEBUG org.springframework.test.annotation.ProfileValueUtils - Retrieved @ProfileValueSourceConfiguration [null] for test class [dev.hwi.SpringBootWebsocketApplicationTests]
14:42:29.256 [Test worker] DEBUG org.springframework.test.annotation.ProfileValueUtils - Retrieved ProfileValueSource type [class org.springframework.test.annotation.SystemProfileValueSource] for class [dev.hwi.SpringBootWebsocketApplicationTests]
14:42:29.288 [Test worker] DEBUG org.springframework.test.context.support.TestPropertySourceUtils - Adding inlined properties to environment: {spring.jmx.enabled=false, org.springframework.boot.test.context.SpringBootTestContextBootstrapper=true, server.port=-1}

  .   ____          _            __ _ _
 /\\ / ___'_ __ _ _(_)_ __  __ _ \ \ \ \
( ( )\___ | '_ | '_| | '_ \/ _` | \ \ \ \
 \\/  ___)| |_)| | | | | || (_| |  ) ) ) )
  '  |____| .__|_| |_|_| |_\__, | / / / /
 =========|_|==============|___/=/_/_/_/
 :: Spring Boot ::        (v2.1.1.RELEASE)

2019-01-08 14:42:29.579  INFO 13248 --- [    Test worker] d.h.SpringBootWebsocketApplicationTests  : Starting SpringBootWebsocketApplicationTests on DESKTOP-ERDAU0L with PID 13248 (started by 투비소프트 in D:\sts-bundle\workspace\spring-boot-websocket)
2019-01-08 14:42:29.579  INFO 13248 --- [    Test worker] d.h.SpringBootWebsocketApplicationTests  : No active profile set, falling back to default profiles: default
2019-01-08 14:42:31.538  INFO 13248 --- [    Test worker] o.s.s.concurrent.ThreadPoolTaskExecutor  : Initializing ExecutorService 'applicationTaskExecutor'
2019-01-08 14:42:31.975  INFO 13248 --- [    Test worker] d.h.SpringBootWebsocketApplicationTests  : Started SpringBootWebsocketApplicationTests in 2.687 seconds (JVM running for 4.014)
]]></system-out>
  <system-err><![CDATA[]]></system-err>
</testsuite>
